<?xml version="1.0" encoding="UTF-8"?>
<testsuite name="com.program.voucher.model.PercentDiscountVoucherTest" tests="5" skipped="0" failures="0" errors="0" timestamp="2022-11-09T13:14:49" hostname="jang-yeongjiui-MacBookPro.local" time="0.037">
  <properties/>
  <testcase name="Voucher type을 얻을 수 있다." classname="com.program.voucher.model.PercentDiscountVoucherTest" time="0.02"/>
  <testcase name="유효한 퍼센트 할인만 생성된다." classname="com.program.voucher.model.PercentDiscountVoucherTest" time="0.006"/>
  <testcase name="Voucher의 주어진 퍼센트만큼 할인이 된다." classname="com.program.voucher.model.PercentDiscountVoucherTest" time="0.001"/>
  <testcase name="Voucher의 할인금액을 얻을 수 있다." classname="com.program.voucher.model.PercentDiscountVoucherTest" time="0.001"/>
  <testcase name="Voucher Id를 얻을 수 있다." classname="com.program.voucher.model.PercentDiscountVoucherTest" time="0.001"/>
  <system-out><![CDATA[]]></system-out>
  <system-err><![CDATA[]]></system-err>
</testsuite>
